2000000000	TCLN	Test clan
2000000001	CEWMX	Clan of 251841230
2000000002	IPSJW	Clan of 251841233
2000000003	TEST2	NewSEAname01
2000000004	EUHSD	Clan of 251950200
2000000005	1EC	1st Eagle Company
2000000006	STEEL	Strategic Tank Elite East Legion
2000000007	ELVSH	Clan of 261227250
2000000009	IXLHN	Clan of 261302440
2000000011	RTA	Royal Thai Armored
2000000012	PVP	Philippine Vanguards of Peace
2000000013	SNTR	Singapore NextGen Tank Regiment
2000000014	LOAH	Legends Of Ah Hai(s)
2000000015	LOS	Legion of Steel
2000000016	RTA2	Royal Thai Armored 2
2000000017	M-D-K	Murder Death Kill
2000000018	RLBYP	Clan of 041434280
2000000020	LULZ	For The Lulz
2000000021	SPIRT	The Spirit Squad
2000000022	PCDVD	Taiwan PCDVD Regiment
2000000023	OZBBQ	Boys from OZ South East Asian Command
2000000024	WOTM	World Of Tanks Malaysia
2000000025	PAKU	Philippine Armored Killing-Unit
2000000026	AUSAD	Australian Armoured Division
2000000027	KS	KenSaku
2000000028	BEER	BEER
2000000029	ANZAC	Australian Newzealand Army Core
2000000030	PANZA	PANZACS
2000000031	1AR	1st Armoured South East Asian Tactical Assault Group
2000000032	WG	Wargaming.net
2000000033	-PH-	TEAM_MANILA
2000000034	BLKDG	BlackDog
2000000035	SS_P	SS.PANZER
2000000036	A_C	Anarchistic Collective
2000000037	1MY	1Malaysia
2000000038	-RTA-	Royal_Thai_Army
2000000039	C-RED	The Chinese Red Army【中國紅軍】
2000000040	STARS	Surveillance, Target Acquisition, and Reconnaissance Specialists
2000000041	EDMW	EDMW
2000000042	RUS	Russian Unbelievable Skillers
2000000043	B-O-S	BALLS OF STEEL
2000000044	FEAR	First Encounter Armor Recon
2000000045	-RUS-	The Russian
2000000046	DOTM	Destroyer Of Tank Malaysia
2000000047	AAR	Australian Armoured Regiment
2000000048	RTA-E	Royal Thai Armored - ELITE
2000000049	MISFC	Malaysia Indonesia Singapore Fighter Clan
2000000050	TH-1	THAI
2000000051	RTA3	Royal Thai Armored 3
2000000052	NOOB	ARMY TANK
2000000053	METAL	[METAL] Mechanized Elite Tactical Assault Legion
2000000054	SIAM	Siamese
2000000055	F-P-D	1st Panzer Division
2000000056	PAKU2	Philippine Armored Killing-Unit 2
2000000057	-69-	Guild 69 and MorePewPewLessQQ
2000000058	AOBHD	ASIA ONE BROTHERHOOD
2000000059	LOS-2	Legion of Steel 2nd Division
2000000060	TOG1R	The Older Gamers - 1st Regiment
2000000061	BYBBP	Clan of 182044470 (18205225)
2000000062	HPLOI	Clan of 182051133 (18205225)
2000000063	WNORQ	Clan of 190924460 (19092955)
2000000064	QRXJO	Clan of 190947560 (19095258)
2000000065	WLPMV	Clan of 191025260 (19103030)
2000000066	2EC	2nd Eagle Company
2000000068	GKFBA	Clan of 191133540 (19113940)
2000000071	GOKL	Republic of Goklovka
2000000073	MPBP	MaKamPlewBangPha
2000000074	WFPK	WolfPack
2000000075	FUKKK	Fellowship of United Kopi Kau Kau
2000000076	SK_TH	SK team
2000000077	MITH	Made in Thailand
2000000078	DT	Drink in Tank
2000000079	OCAU	Overclockers Australia
2000000080	T_C_I	ThAi CaVaLry IrOnHeArT
